Buffer dump

Buffer size: 29
Buffer argue: 0
Buffer reg: 0
Buffer size: 78
Print buffer
	buffer[  0] =       11	   10001
	buffer[  1] =       19	   11001
	buffer[  2] =       1e	   11110
	buffer[  3] =        0	       0
	buffer[  4] =        0	       0
	buffer[  5] =        0	       0
	buffer[  6] =       19	   11001
	buffer[  7] =       28	  101000
	buffer[  8] =        0	       0
	buffer[  9] =        0	       0
	buffer[ 10] =        0	       0
	buffer[ 11] =       28	  101000
	buffer[ 12] =       13	   10011
	buffer[ 13] =        0	       0
	buffer[ 14] =       19	   11001
	buffer[ 15] =        a	    1010
	buffer[ 16] =        0	       0
	buffer[ 17] =        0	       0
	buffer[ 18] =        0	       0
	buffer[ 19] =       10	   10000
	buffer[ 20] =       12	   10010
	buffer[ 21] =        1	       1
	buffer[ 22] =        0	       0
	buffer[ 23] =        0	       0
	buffer[ 24] =        0	       0
	buffer[ 25] =       10	   10000
	buffer[ 26] =        0	       0
	buffer[ 27] =       10	   10000
	buffer[ 28] =        0	       0
	buffer[ 29] =        0	       0
	buffer[ 30] =        0	       0
	buffer[ 31] =        0	       0
	buffer[ 32] =        0	       0
	buffer[ 33] =        0	       0
	buffer[ 34] =        0	       0
	buffer[ 35] =        0	       0
	buffer[ 36] =        0	       0
	buffer[ 37] =        0	       0
	buffer[ 38] =        0	       0
	buffer[ 39] =        0	       0
	buffer[ 40] =        0	       0
	buffer[ 41] =        0	       0
	buffer[ 42] =        0	       0
	buffer[ 43] =        0	       0
	buffer[ 44] =        0	       0
	buffer[ 45] =        0	       0
	buffer[ 46] =        0	       0
	buffer[ 47] =        0	       0
	buffer[ 48] =        0	       0
	buffer[ 49] =        0	       0
	buffer[ 50] =        0	       0
	buffer[ 51] =        0	       0
	buffer[ 52] =        0	       0
	buffer[ 53] =        0	       0
	buffer[ 54] =        0	       0
	buffer[ 55] =        0	       0
	buffer[ 56] =        0	       0
	buffer[ 57] =        0	       0
	buffer[ 58] =        0	       0
	buffer[ 59] =        0	       0
	buffer[ 60] =        0	       0
	buffer[ 61] =        0	       0
	buffer[ 62] =        0	       0
	buffer[ 63] =        0	       0
	buffer[ 64] =        0	       0
	buffer[ 65] =        0	       0
	buffer[ 66] =        0	       0
	buffer[ 67] =        0	       0
	buffer[ 68] =        0	       0
	buffer[ 69] =        0	       0
	buffer[ 70] =        0	       0
	buffer[ 71] =        0	       0
	buffer[ 72] =        0	       0
	buffer[ 73] =        0	       0
	buffer[ 74] =        0	       0
	buffer[ 75] =        0	       0
	buffer[ 76] =        0	       0
	buffer[ 77] =        0	       0


end buffer dump
