Labels dump

	labels[ 0]: LINEAR_EQUATION: = 79
	labels[ 1]: NO_OR_INFINITY_SOLUTIONS: = 113
	labels[ 2]: ONE_ROOT: = 140
	labels[ 3]: NO_ROOTS: = 172
	labels[ 4]: TWO_ROOTS: = 193
	labels[ 5]: INFINITY_SOLUTIONS: = 255
	labels[ 6]: LINEAR_EQUATION: = 79
	labels[ 7]: NO_OR_INFINITY_SOLUTIONS: = 113
	labels[ 8]: ONE_ROOT: = 140
	labels[ 9]: NO_ROOTS: = 172
	labels[10]: TWO_ROOTS: = 193
	labels[11]: INFINITY_SOLUTIONS: = 255
	labels[12]: (null) = 0
	labels[13]: (null) = 0
	labels[14]: (null) = 0
	labels[15]: (null) = 0
	labels[16]: (null) = 0
	labels[17]: (null) = 0
	labels[18]: (null) = 0
	labels[19]: (null) = 0
	labels[20]: (null) = 0
	labels[21]: (null) = 0
	labels[22]: (null) = 0
	labels[23]: (null) = 0
	labels[24]: (null) = 0
	labels[25]: (null) = 0
	labels[26]: (null) = 0
	labels[27]: (null) = 0
	labels[28]: (null) = 0
	labels[29]: (null) = 0

End labels dump
