                        _   
                       | |                        
  ___ _ __  _   _    __| |_   _ _ __ ___  _ __    
 / __| '_ \| | | |  / _` | | | | '_ ` _ \| '_ \
 \__ \ |_) | |_| | | (_| | |_| | | | | | | |_) |
 |___/ .__/ \__,_|  \__,_|\__,_|_| |_| |_| .__/
     | |                                 | |      
     |_|                                 |_|      
no errors in spu
main[0x56ac578f1024] at src/main.cpp:15 born at main

input_file pointer: 0x56ac92edc2b0
size of input_file: 654
instructional_pointer value: 253
program code commands list: [
1001000
1001000
1001000
100101
11
0
0
0
100101
10
0
0
0
100101
1
0
0
0
11101
1
0
0
0
11001
0
0
0
0
1111000
1001111
0
0
0
100000
100000
11101
10
0
0
0
11101
10
0
0
0
111000
11101
1
0
0
0
11101
11
0
0
0
111000
11001
100
0
0
0
111000
1111000
11111111111111111111111110001100
0
0
0
1101000
11111111111111111111111110101100
0
0
0
1011000
11111111111111111111111111000001
0
0
0
0
100000
100000
11101
11
0
0
0
11101
10
0
0
0
11001
0
0
0
0
1111000
1110001
0
0
0
100000
1000000
11001
11111111111111111111111111111111
11111111111111111111111111111111
11111111111111111111111111111111
11111111111111111111111111111111
111000
10000
0
1000
0
100000
1111000
11111111111111111111111111111111
0
0
0
11001
11111111111111111111111111111111
11111111111111111111111111111111
11111111111111111111111111111111
11111111111111111111111111111111
11001
11111111111111111111111111111111
11111111111111111111111111111111
11111111111111111111111111111111
11111111111111111111111111111111
11001
11111111111111111111111111111111
11111111111111111111111111111111
11111111111111111111111111111111
11111111111111111111111111111111
10000
10000
10000
0
1000
0
11001
0
0
0
0
11101
10
0
0
0
11101
11
0
0
0
11001
10
0
0
0
111000
1000000
11001
11111111111111111111111111111111
11111111111111111111111111111111
11111111111111111111111111111111
11111111111111111111111111111111
111000
10000
0
1000
0
11001
11111111111111111111111111111110
11111111111111111111111111111111
11111111111111111111111111111111
11111111111111111111111111111111
11001
11111111111111111111111111111110
11111111111111111111111111111111
11111111111111111111111111111111
11111111111111111111111111111111
11001
11111111111111111111111111111110
11111111111111111111111111111111
11111111111111111111111111111111
11111111111111111111111111111111
10000
10000
10000
0
1000
0
110000
111
100010
1
11101
10
0
0
0
11001
11111111111111111111111111111111
11111111111111111111111111111111
11111111111111111111111111111111
11111111111111111111111111111111
111000
11010
1
101000
11001
10
0
0
0
11101
1
0
0
0
111000
1000000
10000
0
11101
10
0
0
0
11001
11111111111111111111111111111111
11111111111111111111111111111111
11111111111111111111111111111111
11111111111111111111111111111111
111000
11010
1
110000
11101
1
0
0
0
11001
10
0
0
0
111000
1000000
10000
0
1000
0
11001
0
0
0
0
11001
0
0
0
0
11001
0
0
0
0
10000
10000
10000
0
1000
0
0
0
0
0
0
0
0
0
0
0
0
0
0
0
0
0
0
0
0
0
0
0
0
0
0
0
0
0
0
0
0
0
0
0
0
0
0
0
0
0
0
0
0
0
0
0
0
0
0
0
0
0
0
0
0
0
0
0
0
0
0
0
0
0
0
0
0
0
0
0
0
0
0
0
0
0
0
0
0
0
0
0
0
0
0
0
0
0
0
0
0
0
0
0
0
0
0
0
0
0
0
0
0
0
0
0
0
0
0
0
0
0
0
0
0
0
0
0
0
0
0
0
0
0
0
0
0
0
0
0
0
0
0
0
0
0
0
0
0
0
0
0
0
0
0
0
0
0
0
0
0
0
0
0
0
0
0
0
0
0
0
0
0
0
0
0
0
0
0
0
0
0
0
0
0
0
0
0
0
0
0
0
0
0
0
0
0
0
0
0
0
0
0
0
0
0
0
0
0
0
0
0
0
0
0
0
0
0
0
0
0
0
0
0
0
0
0
0
0
0
0
0
0
0
0
0
0
0
0
0
0
0
0
0
0
0
0
0
0
0
0
0
0
0
0
0
0
0
0
0
0
0
0
0
0
0
0
0
0
0
0
0
0
0
0
0
0
0
0
0
0
0
0
0
0
0
0
0
0
0
0
0
0
0
0
0
0
0
0
0
0
0
0
0
0
0
0
0
0
0
0
0
0
0
0
0
0
0
0
0
0
0
0
0
0
0
0
0
0
0
0
0
0
0
0
0
0
0
0
0
0
0
0
0
0
0
0
0
0
0
0
0
0
0
0
0
0
0
0
0
0
0
0
0
0
0
0
0
0
0
0
0
0
0
0
0
0
0
0
0
0
0
0
0
0
0
0
0
]

register array list:
	register_array[0] = 0
	register_array[1] = 5
	register_array[2] = 0
	register_array[3] = 0
	register_array[4] = 0
RAM dump
RAM[  0] =     0
RAM[  1] =     1
RAM[  2] =     1
RAM[  3] =    -6
RAM[  4] =     0
RAM[  5] =     0
RAM[  6] =     0
RAM[  7] =     0
RAM[  8] =     0
RAM[  9] =     0
RAM[ 10] =     0
RAM[ 11] =     0
RAM[ 12] =     0
RAM[ 13] =     0
RAM[ 14] =     0
RAM[ 15] =     0
RAM[ 16] =     0
RAM[ 17] =     0
RAM[ 18] =     0
RAM[ 19] =     0
RAM[ 20] =     0
RAM[ 21] =     0
RAM[ 22] =     0
RAM[ 23] =     0
RAM[ 24] =     0
RAM[ 25] =     0
RAM[ 26] =     0
RAM[ 27] =     0
RAM[ 28] =     0
RAM[ 29] =     0
end RAM dump
