Buffer dump

Buffer size: 168
Buffer argue: 0
Buffer reg: 0
Buffer size: 288
Print buffer
	buffer[  0] =       19	   11001
	buffer[  1] = ffffffc8	11111111111111111111111111001000
	buffer[  2] =        0	       0
	buffer[  3] =        0	       0
	buffer[  4] =        0	       0
	buffer[  5] =       19	   11001
	buffer[  6] =       2c	  101100
	buffer[  7] =        1	       1
	buffer[  8] =        0	       0
	buffer[  9] =        0	       0
	buffer[ 10] =       19	   11001
	buffer[ 11] = ffffff90	11111111111111111111111110010000
	buffer[ 12] =        1	       1
	buffer[ 13] =        0	       0
	buffer[ 14] =        0	       0
	buffer[ 15] =       19	   11001
	buffer[ 16] = fffffff4	11111111111111111111111111110100
	buffer[ 17] =        1	       1
	buffer[ 18] =        0	       0
	buffer[ 19] =        0	       0
	buffer[ 20] =       19	   11001
	buffer[ 21] =       58	 1011000
	buffer[ 22] =        2	      10
	buffer[ 23] =        0	       0
	buffer[ 24] =        0	       0
	buffer[ 25] =       19	   11001
	buffer[ 26] = ffffffbc	11111111111111111111111110111100
	buffer[ 27] =        2	      10
	buffer[ 28] =        0	       0
	buffer[ 29] =        0	       0
	buffer[ 30] =       19	   11001
	buffer[ 31] =       20	  100000
	buffer[ 32] =        3	      11
	buffer[ 33] =        0	       0
	buffer[ 34] =        0	       0
	buffer[ 35] =       19	   11001
	buffer[ 36] = ffffff84	11111111111111111111111110000100
	buffer[ 37] =        3	      11
	buffer[ 38] =        0	       0
	buffer[ 39] =        0	       0
	buffer[ 40] =       19	   11001
	buffer[ 41] = ffffffe8	11111111111111111111111111101000
	buffer[ 42] =        3	      11
	buffer[ 43] =        0	       0
	buffer[ 44] =        0	       0
	buffer[ 45] =       19	   11001
	buffer[ 46] =       4c	 1001100
	buffer[ 47] =        4	     100
	buffer[ 48] =        0	       0
	buffer[ 49] =        0	       0
	buffer[ 50] =       19	   11001
	buffer[ 51] = ffffffb0	11111111111111111111111110110000
	buffer[ 52] =        4	     100
	buffer[ 53] =        0	       0
	buffer[ 54] =        0	       0
	buffer[ 55] =       19	   11001
	buffer[ 56] =       14	   10100
	buffer[ 57] =        5	     101
	buffer[ 58] =        0	       0
	buffer[ 59] =        0	       0
	buffer[ 60] =       19	   11001
	buffer[ 61] =       78	 1111000
	buffer[ 62] =        5	     101
	buffer[ 63] =        0	       0
	buffer[ 64] =        0	       0
	buffer[ 65] =       19	   11001
	buffer[ 66] = ffffffdc	11111111111111111111111111011100
	buffer[ 67] =        5	     101
	buffer[ 68] =        0	       0
	buffer[ 69] =        0	       0
	buffer[ 70] =       19	   11001
	buffer[ 71] =       40	 1000000
	buffer[ 72] =        6	     110
	buffer[ 73] =        0	       0
	buffer[ 74] =        0	       0
	buffer[ 75] =       19	   11001
	buffer[ 76] = ffffffa4	11111111111111111111111110100100
	buffer[ 77] =        6	     110
	buffer[ 78] =        0	       0
	buffer[ 79] =        0	       0
	buffer[ 80] =       19	   11001
	buffer[ 81] =        8	    1000
	buffer[ 82] =        7	     111
	buffer[ 83] =        0	       0
	buffer[ 84] =        0	       0
	buffer[ 85] =       19	   11001
	buffer[ 86] =       6c	 1101100
	buffer[ 87] =        7	     111
	buffer[ 88] =        0	       0
	buffer[ 89] =        0	       0
	buffer[ 90] =       19	   11001
	buffer[ 91] = ffffffd0	11111111111111111111111111010000
	buffer[ 92] =        7	     111
	buffer[ 93] =        0	       0
	buffer[ 94] =        0	       0
	buffer[ 95] =       1d	   11101
	buffer[ 96] =        a	    1010
	buffer[ 97] =        0	       0
	buffer[ 98] =        0	       0
	buffer[ 99] =        0	       0
	buffer[100] =       1a	   11010
	buffer[101] =        1	       1
	buffer[102] =       1a	   11010
	buffer[103] =        2	      10
	buffer[104] =       1e	   11110
	buffer[105] =        1	       1
	buffer[106] =       1e	   11110
	buffer[107] =        2	      10
	buffer[108] =       1f	   11111
	buffer[109] =        1	       1
	buffer[110] =        5	     101
	buffer[111] =        0	       0
	buffer[112] =        0	       0
	buffer[113] =        0	       0
	buffer[114] =       21	  100001
	buffer[115] =        5	     101
	buffer[116] =        0	       0
	buffer[117] =        0	       0
	buffer[118] =        0	       0
	buffer[119] =       22	  100010
	buffer[120] =        1	       1
	buffer[121] =       22	  100010
	buffer[122] =        2	      10
	buffer[123] =       26	  100110
	buffer[124] =        1	       1
	buffer[125] =       26	  100110
	buffer[126] =        2	      10
	buffer[127] =       27	  100111
	buffer[128] =        1	       1
	buffer[129] =        3	      11
	buffer[130] =        0	       0
	buffer[131] =        0	       0
	buffer[132] =        0	       0
	buffer[133] =       28	  101000
	buffer[134] =       30	  110000
	buffer[135] =       40	 1000000
	buffer[136] =       38	  111000
	buffer[137] =       48	 1001000
	buffer[138] =       11	   10001
	buffer[139] =       11	   10001
	buffer[140] =       11	   10001
	buffer[141] =       11	   10001
	buffer[142] = ffffff8b	11111111111111111111111110001011
	buffer[143] =        0	       0
	buffer[144] =        0	       0
	buffer[145] =        0	       0
	buffer[146] = ffffff8c	11111111111111111111111110001100
	buffer[147] =        0	       0
	buffer[148] =        0	       0
	buffer[149] =        0	       0
	buffer[150] = ffffff8b	11111111111111111111111110001011
	buffer[151] =        0	       0
	buffer[152] =        0	       0
	buffer[153] =        0	       0
	buffer[154] = ffffff8b	11111111111111111111111110001011
	buffer[155] =        0	       0
	buffer[156] =        0	       0
	buffer[157] =        0	       0
	buffer[158] = ffffff8b	11111111111111111111111110001011
	buffer[159] =        0	       0
	buffer[160] =        0	       0
	buffer[161] =        0	       0
	buffer[162] = ffffff8b	11111111111111111111111110001011
	buffer[163] =        0	       0
	buffer[164] =        0	       0
	buffer[165] =        0	       0
	buffer[166] =        8	    1000
	buffer[167] =        0	       0
	buffer[168] =        0	       0
	buffer[169] =        0	       0
	buffer[170] =        0	       0
	buffer[171] =        0	       0
	buffer[172] =        0	       0
	buffer[173] =        0	       0
	buffer[174] =        0	       0
	buffer[175] =        0	       0
	buffer[176] =        0	       0
	buffer[177] =        0	       0
	buffer[178] =        0	       0
	buffer[179] =        0	       0
	buffer[180] =        0	       0
	buffer[181] =        0	       0
	buffer[182] =        0	       0
	buffer[183] =        0	       0
	buffer[184] =        0	       0
	buffer[185] =        0	       0
	buffer[186] =        0	       0
	buffer[187] =        0	       0
	buffer[188] =        0	       0
	buffer[189] =        0	       0
	buffer[190] =        0	       0
	buffer[191] =        0	       0
	buffer[192] =        0	       0
	buffer[193] =        0	       0
	buffer[194] =        0	       0
	buffer[195] =        0	       0
	buffer[196] =        0	       0
	buffer[197] =        0	       0
	buffer[198] =        0	       0
	buffer[199] =        0	       0
	buffer[200] =        0	       0
	buffer[201] =        0	       0
	buffer[202] =        0	       0
	buffer[203] =        0	       0
	buffer[204] =        0	       0
	buffer[205] =        0	       0
	buffer[206] =        0	       0
	buffer[207] =        0	       0
	buffer[208] =        0	       0
	buffer[209] =        0	       0
	buffer[210] =        0	       0
	buffer[211] =        0	       0
	buffer[212] =        0	       0
	buffer[213] =        0	       0
	buffer[214] =        0	       0
	buffer[215] =        0	       0
	buffer[216] =        0	       0
	buffer[217] =        0	       0
	buffer[218] =        0	       0
	buffer[219] =        0	       0
	buffer[220] =        0	       0
	buffer[221] =        0	       0
	buffer[222] =        0	       0
	buffer[223] =        0	       0
	buffer[224] =        0	       0
	buffer[225] =        0	       0
	buffer[226] =        0	       0
	buffer[227] =        0	       0
	buffer[228] =        0	       0
	buffer[229] =        0	       0
	buffer[230] =        0	       0
	buffer[231] =        0	       0
	buffer[232] =        0	       0
	buffer[233] =        0	       0
	buffer[234] =        0	       0
	buffer[235] =        0	       0
	buffer[236] =        0	       0
	buffer[237] =        0	       0
	buffer[238] =        0	       0
	buffer[239] =        0	       0
	buffer[240] =        0	       0
	buffer[241] =        0	       0
	buffer[242] =        0	       0
	buffer[243] =        0	       0
	buffer[244] =        0	       0
	buffer[245] =        0	       0
	buffer[246] =        0	       0
	buffer[247] =        0	       0
	buffer[248] =        0	       0
	buffer[249] =        0	       0
	buffer[250] =        0	       0
	buffer[251] =        0	       0
	buffer[252] =        0	       0
	buffer[253] =        0	       0
	buffer[254] =        0	       0
	buffer[255] =        0	       0
	buffer[256] =        0	       0
	buffer[257] =        0	       0
	buffer[258] =        0	       0
	buffer[259] =        0	       0
	buffer[260] =        0	       0
	buffer[261] =        0	       0
	buffer[262] =        0	       0
	buffer[263] =        0	       0
	buffer[264] =        0	       0
	buffer[265] =        0	       0
	buffer[266] =        0	       0
	buffer[267] =        0	       0
	buffer[268] =        0	       0
	buffer[269] =        0	       0
	buffer[270] =        0	       0
	buffer[271] =        0	       0
	buffer[272] =        0	       0
	buffer[273] =        0	       0
	buffer[274] =        0	       0
	buffer[275] =        0	       0
	buffer[276] =        0	       0
	buffer[277] =        0	       0
	buffer[278] =        0	       0
	buffer[279] =        0	       0
	buffer[280] =        0	       0
	buffer[281] =        0	       0
	buffer[282] =        0	       0
	buffer[283] =        0	       0
	buffer[284] =        0	       0
	buffer[285] =        0	       0
	buffer[286] =        0	       0
	buffer[287] =        0	       0


end buffer dump
